<?xml version="1.0" encoding="UTF-8"?>
<testng-results ignored="0" total="1" passed="1" failed="0" skipped="0">
  <reporter-output>
  </reporter-output>
  <suite started-at="2022-08-19T08:46:00 IST" name="Suite" finished-at="2022-08-19T08:46:07 IST" duration-ms="7119">
    <groups>
    </groups>
    <test started-at="2022-08-19T08:46:00 IST" name="Test" finished-at="2022-08-19T08:46:07 IST" duration-ms="7119">
      <class name="testApplication.TestData">
        <test-method signature="testRun()[pri:0, instance:testApplication.TestData@797b0699]" started-at="2022-08-19T08:46:00 IST" name="testRun" finished-at="2022-08-19T08:46:07 IST" duration-ms="7086" status="PASS">
          <reporter-output>
          </reporter-output>
        </test-method> <!-- testRun -->
      </class> <!-- testApplication.TestData -->
    </test> <!-- Test -->
  </suite> <!-- Suite -->
</testng-results>
